;  LST file generated by mikroListExporter - v.2.0 
; Date/Time: 10/03/2025 13:48:48
;----------------------------------------------

;Address Opcode 	ASM
0x0000	0x2803      	GOTO       3
_main:
;Pulso.c,5 :: 		void main(void)
;Pulso.c,7 :: 		TRISIO = 0b00000;
0x0003	0x1683      	BSF        STATUS, 5
0x0004	0x0185      	CLRF       TRISIO
;Pulso.c,8 :: 		GPIO = 0b00000;
0x0005	0x1283      	BCF        STATUS, 5
0x0006	0x0185      	CLRF       GPIO
;Pulso.c,13 :: 		for(n = 1; n < 20; n++)
0x0007	0x3001      	MOVLW      1
0x0008	0x00D1      	MOVWF      R1
L_main2:
0x0009	0x3014      	MOVLW      20
0x000A	0x0251      	SUBWF      R1, 0
0x000B	0x1803      	BTFSC      STATUS, 0
0x000C	0x282C      	GOTO       L_main3
;Pulso.c,15 :: 		GPIO = 0b00001;
0x000D	0x3001      	MOVLW      1
0x000E	0x0085      	MOVWF      GPIO
;Pulso.c,16 :: 		delay_ms(200);
0x000F	0x3002      	MOVLW      2
0x0010	0x00DB      	MOVWF      R11
0x0011	0x3004      	MOVLW      4
0x0012	0x00DC      	MOVWF      R12
0x0013	0x30BA      	MOVLW      186
0x0014	0x00DD      	MOVWF      R13
L_main5:
0x0015	0x0BDD      	DECFSZ     R13, 1
0x0016	0x2815      	GOTO       L_main5
0x0017	0x0BDC      	DECFSZ     R12, 1
0x0018	0x2815      	GOTO       L_main5
0x0019	0x0BDB      	DECFSZ     R11, 1
0x001A	0x2815      	GOTO       L_main5
0x001B	0x0000      	NOP
;Pulso.c,17 :: 		GPIO = 0b00000;
0x001C	0x0185      	CLRF       GPIO
;Pulso.c,18 :: 		delay_ms(200);
0x001D	0x3002      	MOVLW      2
0x001E	0x00DB      	MOVWF      R11
0x001F	0x3004      	MOVLW      4
0x0020	0x00DC      	MOVWF      R12
0x0021	0x30BA      	MOVLW      186
0x0022	0x00DD      	MOVWF      R13
L_main6:
0x0023	0x0BDD      	DECFSZ     R13, 1
0x0024	0x2823      	GOTO       L_main6
0x0025	0x0BDC      	DECFSZ     R12, 1
0x0026	0x2823      	GOTO       L_main6
0x0027	0x0BDB      	DECFSZ     R11, 1
0x0028	0x2823      	GOTO       L_main6
0x0029	0x0000      	NOP
;Pulso.c,13 :: 		for(n = 1; n < 20; n++)
0x002A	0x0AD1      	INCF       R1, 1
;Pulso.c,19 :: 		}
0x002B	0x2809      	GOTO       L_main2
L_main3:
;Pulso.c,20 :: 		for(n = 1; n < 30; n++)
0x002C	0x3001      	MOVLW      1
0x002D	0x00D1      	MOVWF      R1
L_main7:
0x002E	0x301E      	MOVLW      30
0x002F	0x0251      	SUBWF      R1, 0
0x0030	0x1803      	BTFSC      STATUS, 0
0x0031	0x284B      	GOTO       L_main8
;Pulso.c,22 :: 		GPIO = 0b00001;
0x0032	0x3001      	MOVLW      1
0x0033	0x0085      	MOVWF      GPIO
;Pulso.c,23 :: 		delay_ms(100);
0x0034	0x3082      	MOVLW      130
0x0035	0x00DC      	MOVWF      R12
0x0036	0x30DD      	MOVLW      221
0x0037	0x00DD      	MOVWF      R13
L_main10:
0x0038	0x0BDD      	DECFSZ     R13, 1
0x0039	0x2838      	GOTO       L_main10
0x003A	0x0BDC      	DECFSZ     R12, 1
0x003B	0x2838      	GOTO       L_main10
0x003C	0x0000      	NOP
0x003D	0x0000      	NOP
;Pulso.c,24 :: 		GPIO = 0b00000;
0x003E	0x0185      	CLRF       GPIO
;Pulso.c,25 :: 		delay_ms(100);
0x003F	0x3082      	MOVLW      130
0x0040	0x00DC      	MOVWF      R12
0x0041	0x30DD      	MOVLW      221
0x0042	0x00DD      	MOVWF      R13
L_main11:
0x0043	0x0BDD      	DECFSZ     R13, 1
0x0044	0x2843      	GOTO       L_main11
0x0045	0x0BDC      	DECFSZ     R12, 1
0x0046	0x2843      	GOTO       L_main11
0x0047	0x0000      	NOP
0x0048	0x0000      	NOP
;Pulso.c,20 :: 		for(n = 1; n < 30; n++)
0x0049	0x0AD1      	INCF       R1, 1
;Pulso.c,26 :: 		}
0x004A	0x282E      	GOTO       L_main7
L_main8:
;Pulso.c,27 :: 		for(n = 1; n < 50; n++)
0x004B	0x3001      	MOVLW      1
0x004C	0x00D1      	MOVWF      R1
L_main12:
0x004D	0x3032      	MOVLW      50
0x004E	0x0251      	SUBWF      R1, 0
0x004F	0x1803      	BTFSC      STATUS, 0
0x0050	0x2868      	GOTO       L_main13
;Pulso.c,29 :: 		GPIO = 0b00001;
0x0051	0x3001      	MOVLW      1
0x0052	0x0085      	MOVWF      GPIO
;Pulso.c,30 :: 		delay_ms(50);
0x0053	0x3041      	MOVLW      65
0x0054	0x00DC      	MOVWF      R12
0x0055	0x30EE      	MOVLW      238
0x0056	0x00DD      	MOVWF      R13
L_main15:
0x0057	0x0BDD      	DECFSZ     R13, 1
0x0058	0x2857      	GOTO       L_main15
0x0059	0x0BDC      	DECFSZ     R12, 1
0x005A	0x2857      	GOTO       L_main15
0x005B	0x0000      	NOP
;Pulso.c,31 :: 		GPIO = 0b00000;
0x005C	0x0185      	CLRF       GPIO
;Pulso.c,32 :: 		delay_ms(50);
0x005D	0x3041      	MOVLW      65
0x005E	0x00DC      	MOVWF      R12
0x005F	0x30EE      	MOVLW      238
0x0060	0x00DD      	MOVWF      R13
L_main16:
0x0061	0x0BDD      	DECFSZ     R13, 1
0x0062	0x2861      	GOTO       L_main16
0x0063	0x0BDC      	DECFSZ     R12, 1
0x0064	0x2861      	GOTO       L_main16
0x0065	0x0000      	NOP
;Pulso.c,27 :: 		for(n = 1; n < 50; n++)
0x0066	0x0AD1      	INCF       R1, 1
;Pulso.c,33 :: 		}
0x0067	0x284D      	GOTO       L_main12
L_main13:
;Pulso.c,35 :: 		}
L_main1:
;Pulso.c,37 :: 		GPIO = 0b00001;
0x0068	0x3001      	MOVLW      1
0x0069	0x0085      	MOVWF      GPIO
;Pulso.c,39 :: 		}
L_end_main:
0x006A	0x286A      	GOTO       $+0
; end of _main
Symbol List:
//** Routines locations **
//ADDRESS    SIZE    PROCEDURE
//----------------------------------------------
0x0003     [104]    _main
//** Variables locations ** 
//ADDRESS    SIZE    VARIABLE
//----------------------------------------------
0x0000       [1]    INDF
0x0003       [1]    STATUS
0x0004       [1]    FSR
0x0005       [1]    GPIO
0x000A       [1]    PCLATH
0x0020       [2]    ___DoICPAddr
0x0050       [1]    R0
0x0051       [1]    R1
0x0052       [1]    R2
0x0053       [1]    R3
0x0054       [1]    R4
0x0055       [1]    R5
0x0056       [1]    R6
0x0057       [1]    R7
0x0058       [1]    R8
0x0059       [1]    R9
0x005A       [1]    R10
0x005B       [1]    R11
0x005C       [1]    R12
0x005D       [1]    R13
0x005E       [1]    R14
0x005F       [1]    R15
0x0085       [1]    TRISIO
