;  LST file generated by mikroListExporter - v.2.0 
; Date/Time: 10/03/2025 13:53:41
;----------------------------------------------

;Address Opcode 	ASM
0x0000	0x2803      	GOTO       3
_main:
;Pulso.c,5 :: 		void main(void)
;Pulso.c,7 :: 		TRISIO = 0b00000;
0x0003	0x1683      	BSF        STATUS, 5
0x0004	0x0185      	CLRF       TRISIO
;Pulso.c,8 :: 		GPIO = 0b00000;
0x0005	0x1283      	BCF        STATUS, 5
0x0006	0x0185      	CLRF       GPIO
;Pulso.c,10 :: 		GPIO = 0b00001;
0x0007	0x3001      	MOVLW      1
0x0008	0x0085      	MOVWF      GPIO
;Pulso.c,11 :: 		delay_ms(1000);
0x0009	0x3006      	MOVLW      6
0x000A	0x00DB      	MOVWF      R11
0x000B	0x3013      	MOVLW      19
0x000C	0x00DC      	MOVWF      R12
0x000D	0x30AD      	MOVLW      173
0x000E	0x00DD      	MOVWF      R13
L_main0:
0x000F	0x0BDD      	DECFSZ     R13, 1
0x0010	0x280F      	GOTO       L_main0
0x0011	0x0BDC      	DECFSZ     R12, 1
0x0012	0x280F      	GOTO       L_main0
0x0013	0x0BDB      	DECFSZ     R11, 1
0x0014	0x280F      	GOTO       L_main0
0x0015	0x0000      	NOP
0x0016	0x0000      	NOP
;Pulso.c,12 :: 		GPIO = 0b00000;
0x0017	0x0185      	CLRF       GPIO
;Pulso.c,14 :: 		}
L_end_main:
0x0018	0x2818      	GOTO       $+0
; end of _main
Symbol List:
//** Routines locations **
//ADDRESS    SIZE    PROCEDURE
//----------------------------------------------
0x0003      [22]    _main
//** Variables locations ** 
//ADDRESS    SIZE    VARIABLE
//----------------------------------------------
0x0000       [1]    INDF
0x0003       [1]    STATUS
0x0004       [1]    FSR
0x0005       [1]    GPIO
0x000A       [1]    PCLATH
0x0020       [2]    ___DoICPAddr
0x0050       [1]    R0
0x0051       [1]    R1
0x0052       [1]    R2
0x0053       [1]    R3
0x0054       [1]    R4
0x0055       [1]    R5
0x0056       [1]    R6
0x0057       [1]    R7
0x0058       [1]    R8
0x0059       [1]    R9
0x005A       [1]    R10
0x005B       [1]    R11
0x005C       [1]    R12
0x005D       [1]    R13
0x005E       [1]    R14
0x005F       [1]    R15
0x0085       [1]    TRISIO
